2019-02-15 12:13:01,257 [Worker-1: Loading available Gradle versions] INFO  c.g.t.t.d.PublishedGradleVersions - Gradle version information cache is out-of-date. Trying to update.
2019-02-15 17:29:43,140 [Worker-3: Loading available Gradle versions] INFO  c.g.t.t.d.PublishedGradleVersions - Gradle version information cache is up-to-date. Trying to read.
2019-02-16 16:52:25,708 [Worker-1: Loading available Gradle versions] INFO  c.g.t.t.d.PublishedGradleVersions - Gradle version information cache is out-of-date. Trying to update.
2019-02-16 18:39:54,450 [Worker-3: Loading available Gradle versions] INFO  c.g.t.t.d.PublishedGradleVersions - Gradle version information cache is up-to-date. Trying to read.
2019-02-16 22:10:56,758 [Worker-0: Loading available Gradle versions] INFO  c.g.t.t.d.PublishedGradleVersions - Gradle version information cache is up-to-date. Trying to read.
2019-02-17 12:36:20,142 [Worker-5: Loading available Gradle versions] INFO  c.g.t.t.d.PublishedGradleVersions - Gradle version information cache is up-to-date. Trying to read.
2019-02-17 13:55:04,425 [Worker-1: Loading available Gradle versions] INFO  c.g.t.t.d.PublishedGradleVersions - Gradle version information cache is up-to-date. Trying to read.
2019-02-17 19:43:02,891 [Worker-7: Loading available Gradle versions] INFO  c.g.t.t.d.PublishedGradleVersions - Gradle version information cache is out-of-date. Trying to update.
2019-02-18 17:07:40,094 [Worker-7: Loading available Gradle versions] INFO  c.g.t.t.d.PublishedGradleVersions - Gradle version information cache is up-to-date. Trying to read.
2019-02-19 11:01:05,085 [Worker-0: Loading available Gradle versions] INFO  c.g.t.t.d.PublishedGradleVersions - Gradle version information cache is out-of-date. Trying to update.
2019-02-20 16:12:54,992 [Worker-4: Loading available Gradle versions] INFO  c.g.t.t.d.PublishedGradleVersions - Gradle version information cache is out-of-date. Trying to update.
2019-02-21 16:05:51,447 [Worker-4: Loading available Gradle versions] INFO  c.g.t.t.d.PublishedGradleVersions - Gradle version information cache is up-to-date. Trying to read.
2019-02-27 20:29:07,229 [Worker-4: Loading available Gradle versions] INFO  c.g.t.t.d.PublishedGradleVersions - Gradle version information cache is out-of-date. Trying to update.
2019-02-28 11:47:14,378 [Worker-0: Loading available Gradle versions] INFO  c.g.t.t.d.PublishedGradleVersions - Gradle version information cache is up-to-date. Trying to read.
2019-03-01 12:55:41,121 [Worker-5: Loading available Gradle versions] INFO  c.g.t.t.d.PublishedGradleVersions - Gradle version information cache is out-of-date. Trying to update.
2019-03-02 15:13:33,019 [Worker-3: Loading available Gradle versions] INFO  c.g.t.t.d.PublishedGradleVersions - Gradle version information cache is out-of-date. Trying to update.
2019-03-03 16:43:41,782 [Worker-3: Loading available Gradle versions] INFO  c.g.t.t.d.PublishedGradleVersions - Gradle version information cache is out-of-date. Trying to update.
2019-03-04 12:50:52,743 [Worker-127: Creating maven-archetype-quickstart] INFO  o.e.m.c.i.p.ProjectConfigurationManager - Collecting project info '/pom.xml' C:\Users\Administrator\Desktop\HaHa\hwk\pom.xml
2019-03-04 12:50:56,789 [Worker-127: Creating maven-archetype-quickstart] INFO  o.e.m.c.i.l.LifecycleMappingFactory - Using org.eclipse.m2e.jdt.JarLifecycleMapping lifecycle mapping for MavenProject: com:hwk:0.0.1-SNAPSHOT @ C:\Users\Administrator\Desktop\HaHa\hwk\pom.xml.
2019-03-04 12:50:58,098 [Worker-127: Creating maven-archetype-quickstart] INFO  o.e.m.j.i.AbstractJavaProjectConfigurator - Adding source folder /hwk/src/main/java
2019-03-04 12:50:58,104 [Worker-127: Creating maven-archetype-quickstart] INFO  o.e.m.j.i.AbstractJavaProjectConfigurator - Adding source folder /hwk/src/test/java
2019-03-04 12:50:58,218 [Worker-127: Creating maven-archetype-quickstart] INFO  o.e.m.c.i.p.ProjectConfigurationManager - Imported and configured 1 project(s) in 5 sec
2019-03-04 12:50:58,703 [Worker-128: Building workspace] INFO  o.e.m.c.i.embedder.EclipseLogger - Using 'UTF-8' encoding to copy filtered resources.
2019-03-04 12:50:58,703 [Worker-128: Building workspace] INFO  o.e.m.c.i.embedder.EclipseLogger - skip non existing resourceDirectory C:\Users\Administrator\Desktop\HaHa\hwk\src\main\resources
2019-03-04 12:50:58,706 [Worker-128: Building workspace] INFO  o.e.m.c.i.embedder.EclipseLogger - Using 'UTF-8' encoding to copy filtered resources.
2019-03-04 12:50:58,707 [Worker-128: Building workspace] INFO  o.e.m.c.i.embedder.EclipseLogger - skip non existing resourceDirectory C:\Users\Administrator\Desktop\HaHa\hwk\src\test\resources
2019-03-04 12:50:59,459 [Worker-129: Download sources and javadoc] INFO  o.e.m.c.i.e.AbstractTransferListenerAdapter - Downloading http://maven.aliyun.com/nexus/content/groups/public/junit/junit/3.8.1/junit-3.8.1-sources.jar
2019-03-04 12:50:59,706 [Worker-129: Download sources and javadoc] INFO  o.e.m.c.i.e.AbstractTransferListenerAdapter - Downloaded http://maven.aliyun.com/nexus/content/groups/public/junit/junit/3.8.1/junit-3.8.1-sources.jar
2019-03-04 12:50:59,811 [Worker-129: Download sources and javadoc] INFO  o.e.m.j.internal.DownloadSourcesJob - Downloaded sources for junit:junit:3.8.1
2019-03-04 12:50:59,815 [Worker-129: Download sources and javadoc] INFO  o.e.m.j.internal.DownloadSourcesJob - Downloaded sources for junit:junit:3.8.1
2019-03-04 12:51:00,052 [Worker-130: Building workspace] INFO  o.e.m.c.i.embedder.EclipseLogger - Using 'UTF-8' encoding to copy filtered resources.
2019-03-04 12:51:00,052 [Worker-130: Building workspace] INFO  o.e.m.c.i.embedder.EclipseLogger - skip non existing resourceDirectory C:\Users\Administrator\Desktop\HaHa\hwk\src\main\resources
2019-03-04 12:51:00,054 [Worker-130: Building workspace] INFO  o.e.m.c.i.embedder.EclipseLogger - Using 'UTF-8' encoding to copy filtered resources.
2019-03-04 12:51:00,055 [Worker-130: Building workspace] INFO  o.e.m.c.i.embedder.EclipseLogger - skip non existing resourceDirectory C:\Users\Administrator\Desktop\HaHa\hwk\src\test\resources
2019-03-04 12:51:43,548 [Worker-128: Building workspace] INFO  o.e.m.c.i.l.LifecycleMappingFactory - Using org.eclipse.m2e.jdt.JarLifecycleMapping lifecycle mapping for MavenProject: com:hwk:0.0.1-SNAPSHOT @ C:\Users\Administrator\Desktop\HaHa\SpringIOC\pom.xml.
2019-03-04 12:51:43,676 [Worker-128: Building workspace] INFO  o.e.m.c.i.embedder.EclipseLogger - Using 'UTF-8' encoding to copy filtered resources.
2019-03-04 12:51:43,677 [Worker-128: Building workspace] INFO  o.e.m.c.i.embedder.EclipseLogger - skip non existing resourceDirectory C:\Users\Administrator\Desktop\HaHa\SpringIOC\src\main\resources
2019-03-04 12:51:43,679 [Worker-128: Building workspace] INFO  o.e.m.c.i.embedder.EclipseLogger - Using 'UTF-8' encoding to copy filtered resources.
2019-03-04 12:51:43,680 [Worker-128: Building workspace] INFO  o.e.m.c.i.embedder.EclipseLogger - skip non existing resourceDirectory C:\Users\Administrator\Desktop\HaHa\SpringIOC\src\test\resources
2019-03-04 12:51:44,845 [Worker-130: Building workspace] INFO  o.e.m.c.i.embedder.EclipseLogger - Using 'UTF-8' encoding to copy filtered resources.
2019-03-04 12:51:44,845 [Worker-130: Building workspace] INFO  o.e.m.c.i.embedder.EclipseLogger - skip non existing resourceDirectory C:\Users\Administrator\Desktop\HaHa\SpringIOC\src\main\resources
2019-03-04 12:51:44,847 [Worker-130: Building workspace] INFO  o.e.m.c.i.embedder.EclipseLogger - Using 'UTF-8' encoding to copy filtered resources.
2019-03-04 12:51:44,847 [Worker-130: Building workspace] INFO  o.e.m.c.i.embedder.EclipseLogger - skip non existing resourceDirectory C:\Users\Administrator\Desktop\HaHa\SpringIOC\src\test\resources
2019-03-04 12:52:07,842 [Worker-131: Building workspace] INFO  o.e.m.c.i.l.LifecycleMappingFactory - Using org.eclipse.m2e.jdt.JarLifecycleMapping lifecycle mapping for MavenProject: com:hwk:0.0.1-SNAPSHOT @ C:\Users\Administrator\Desktop\HaHa\SpringIOC\pom.xml.
2019-03-04 12:52:08,056 [Worker-131: Building workspace] INFO  o.e.m.c.i.embedder.EclipseLogger - Using 'UTF-8' encoding to copy filtered resources.
2019-03-04 12:52:08,057 [Worker-131: Building workspace] INFO  o.e.m.c.i.embedder.EclipseLogger - skip non existing resourceDirectory C:\Users\Administrator\Desktop\HaHa\SpringIOC\src\main\resources
2019-03-04 12:52:08,060 [Worker-131: Building workspace] INFO  o.e.m.c.i.embedder.EclipseLogger - Using 'UTF-8' encoding to copy filtered resources.
2019-03-04 12:52:08,060 [Worker-131: Building workspace] INFO  o.e.m.c.i.embedder.EclipseLogger - skip non existing resourceDirectory C:\Users\Administrator\Desktop\HaHa\SpringIOC\src\test\resources
2019-03-04 12:52:17,495 [Worker-132: Building workspace] INFO  o.e.m.c.i.l.LifecycleMappingFactory - Using org.eclipse.m2e.jdt.JarLifecycleMapping lifecycle mapping for MavenProject: com:hwk:0.0.1-SNAPSHOT @ C:\Users\Administrator\Desktop\HaHa\SpringIOC\pom.xml.
2019-03-04 12:52:19,736 [Worker-132: Building workspace] INFO  o.e.m.c.i.embedder.EclipseLogger - Using 'UTF-8' encoding to copy filtered resources.
2019-03-04 12:52:19,737 [Worker-132: Building workspace] INFO  o.e.m.c.i.embedder.EclipseLogger - skip non existing resourceDirectory C:\Users\Administrator\Desktop\HaHa\SpringIOC\src\main\resources
2019-03-04 12:52:19,738 [Worker-132: Building workspace] INFO  o.e.m.c.i.embedder.EclipseLogger - Using 'UTF-8' encoding to copy filtered resources.
2019-03-04 12:52:19,739 [Worker-132: Building workspace] INFO  o.e.m.c.i.embedder.EclipseLogger - skip non existing resourceDirectory C:\Users\Administrator\Desktop\HaHa\SpringIOC\src\test\resources
2019-03-04 12:52:20,958 [Worker-129: Building workspace] INFO  o.e.m.c.i.l.LifecycleMappingFactory - Using org.eclipse.m2e.jdt.JarLifecycleMapping lifecycle mapping for MavenProject: com:hwk:0.0.1-SNAPSHOT @ C:\Users\Administrator\Desktop\HaHa\SpringIOC\pom.xml.
2019-03-04 12:52:21,449 [Worker-131: Download sources and javadoc] INFO  o.e.m.c.i.e.AbstractTransferListenerAdapter - Downloading http://maven.aliyun.com/nexus/content/groups/public/org/springframework/spring-context/4.3.11.RELEASE/spring-context-4.3.11.RELEASE-sources.jar
2019-03-04 12:52:21,504 [Worker-129: Building workspace] INFO  o.e.m.c.i.embedder.EclipseLogger - Using 'UTF-8' encoding to copy filtered resources.
2019-03-04 12:52:21,504 [Worker-129: Building workspace] INFO  o.e.m.c.i.embedder.EclipseLogger - skip non existing resourceDirectory C:\Users\Administrator\Desktop\HaHa\SpringIOC\src\main\resources
2019-03-04 12:52:21,507 [Worker-129: Building workspace] INFO  o.e.m.c.i.embedder.EclipseLogger - Using 'UTF-8' encoding to copy filtered resources.
2019-03-04 12:52:21,507 [Worker-129: Building workspace] INFO  o.e.m.c.i.embedder.EclipseLogger - skip non existing resourceDirectory C:\Users\Administrator\Desktop\HaHa\SpringIOC\src\test\resources
2019-03-04 12:52:22,052 [Worker-131: Download sources and javadoc] INFO  o.e.m.c.i.e.AbstractTransferListenerAdapter - Downloaded http://maven.aliyun.com/nexus/content/groups/public/org/springframework/spring-context/4.3.11.RELEASE/spring-context-4.3.11.RELEASE-sources.jar
2019-03-04 12:52:22,199 [Worker-131: Download sources and javadoc] INFO  o.e.m.j.internal.DownloadSourcesJob - Downloaded sources for org.springframework:spring-context:4.3.11.RELEASE
2019-03-04 12:52:22,478 [Worker-131: Download sources and javadoc] INFO  o.e.m.c.i.e.AbstractTransferListenerAdapter - Downloading http://maven.aliyun.com/nexus/content/groups/public/org/springframework/spring-aop/4.3.11.RELEASE/spring-aop-4.3.11.RELEASE-sources.jar
2019-03-04 12:52:22,796 [Worker-131: Download sources and javadoc] INFO  o.e.m.c.i.e.AbstractTransferListenerAdapter - Downloaded http://maven.aliyun.com/nexus/content/groups/public/org/springframework/spring-aop/4.3.11.RELEASE/spring-aop-4.3.11.RELEASE-sources.jar
2019-03-04 12:52:22,864 [Worker-131: Download sources and javadoc] INFO  o.e.m.j.internal.DownloadSourcesJob - Downloaded sources for org.springframework:spring-aop:4.3.11.RELEASE
2019-03-04 12:52:23,028 [Worker-131: Download sources and javadoc] INFO  o.e.m.c.i.e.AbstractTransferListenerAdapter - Downloading http://maven.aliyun.com/nexus/content/groups/public/org/springframework/spring-beans/4.3.11.RELEASE/spring-beans-4.3.11.RELEASE-sources.jar
2019-03-04 12:52:23,665 [Worker-131: Download sources and javadoc] INFO  o.e.m.c.i.e.AbstractTransferListenerAdapter - Downloaded http://maven.aliyun.com/nexus/content/groups/public/org/springframework/spring-beans/4.3.11.RELEASE/spring-beans-4.3.11.RELEASE-sources.jar
2019-03-04 12:52:23,710 [Worker-131: Download sources and javadoc] INFO  o.e.m.j.internal.DownloadSourcesJob - Downloaded sources for org.springframework:spring-beans:4.3.11.RELEASE
2019-03-04 12:52:23,908 [Worker-131: Download sources and javadoc] INFO  o.e.m.c.i.e.AbstractTransferListenerAdapter - Downloading http://maven.aliyun.com/nexus/content/groups/public/org/springframework/spring-core/4.3.11.RELEASE/spring-core-4.3.11.RELEASE-sources.jar
2019-03-04 12:52:24,636 [Worker-131: Download sources and javadoc] INFO  o.e.m.c.i.e.AbstractTransferListenerAdapter - Downloaded http://maven.aliyun.com/nexus/content/groups/public/org/springframework/spring-core/4.3.11.RELEASE/spring-core-4.3.11.RELEASE-sources.jar
2019-03-04 12:52:24,671 [Worker-131: Download sources and javadoc] INFO  o.e.m.j.internal.DownloadSourcesJob - Downloaded sources for org.springframework:spring-core:4.3.11.RELEASE
2019-03-04 12:52:24,880 [Worker-131: Download sources and javadoc] INFO  o.e.m.c.i.e.AbstractTransferListenerAdapter - Downloading http://maven.aliyun.com/nexus/content/groups/public/org/springframework/spring-expression/4.3.11.RELEASE/spring-expression-4.3.11.RELEASE-sources.jar
2019-03-04 12:52:25,238 [Worker-131: Download sources and javadoc] INFO  o.e.m.c.i.e.AbstractTransferListenerAdapter - Downloaded http://maven.aliyun.com/nexus/content/groups/public/org/springframework/spring-expression/4.3.11.RELEASE/spring-expression-4.3.11.RELEASE-sources.jar
2019-03-04 12:52:25,281 [Worker-131: Download sources and javadoc] INFO  o.e.m.j.internal.DownloadSourcesJob - Downloaded sources for org.springframework:spring-expression:4.3.11.RELEASE
2019-03-04 12:52:25,508 [Worker-127: Building workspace] INFO  o.e.m.c.i.embedder.EclipseLogger - Using 'UTF-8' encoding to copy filtered resources.
2019-03-04 12:52:25,508 [Worker-127: Building workspace] INFO  o.e.m.c.i.embedder.EclipseLogger - skip non existing resourceDirectory C:\Users\Administrator\Desktop\HaHa\SpringIOC\src\main\resources
2019-03-04 12:52:25,510 [Worker-127: Building workspace] INFO  o.e.m.c.i.embedder.EclipseLogger - Using 'UTF-8' encoding to copy filtered resources.
2019-03-04 12:52:25,511 [Worker-127: Building workspace] INFO  o.e.m.c.i.embedder.EclipseLogger - skip non existing resourceDirectory C:\Users\Administrator\Desktop\HaHa\SpringIOC\src\test\resources
2019-03-04 12:52:26,381 [Worker-126: Download sources and javadoc] INFO  o.e.m.j.internal.DownloadSourcesJob - Downloaded sources for org.springframework:spring-context:4.3.11.RELEASE
2019-03-04 12:52:26,383 [Worker-126: Download sources and javadoc] INFO  o.e.m.j.internal.DownloadSourcesJob - Downloaded sources for org.springframework:spring-aop:4.3.11.RELEASE
2019-03-04 12:52:26,385 [Worker-126: Download sources and javadoc] INFO  o.e.m.j.internal.DownloadSourcesJob - Downloaded sources for org.springframework:spring-beans:4.3.11.RELEASE
2019-03-04 12:52:26,391 [Worker-126: Download sources and javadoc] INFO  o.e.m.j.internal.DownloadSourcesJob - Downloaded sources for org.springframework:spring-core:4.3.11.RELEASE
2019-03-04 12:52:26,394 [Worker-126: Download sources and javadoc] INFO  o.e.m.j.internal.DownloadSourcesJob - Downloaded sources for org.springframework:spring-expression:4.3.11.RELEASE
2019-03-04 12:52:26,619 [Worker-129: Building workspace] INFO  o.e.m.c.i.embedder.EclipseLogger - Using 'UTF-8' encoding to copy filtered resources.
2019-03-04 12:52:26,620 [Worker-129: Building workspace] INFO  o.e.m.c.i.embedder.EclipseLogger - skip non existing resourceDirectory C:\Users\Administrator\Desktop\HaHa\SpringIOC\src\main\resources
2019-03-04 12:52:26,621 [Worker-129: Building workspace] INFO  o.e.m.c.i.embedder.EclipseLogger - Using 'UTF-8' encoding to copy filtered resources.
2019-03-04 12:52:26,621 [Worker-129: Building workspace] INFO  o.e.m.c.i.embedder.EclipseLogger - skip non existing resourceDirectory C:\Users\Administrator\Desktop\HaHa\SpringIOC\src\test\resources
2019-03-04 12:53:00,543 [Worker-128: Building workspace] INFO  o.e.m.c.i.embedder.EclipseLogger - Using 'UTF-8' encoding to copy filtered resources.
2019-03-04 12:53:00,544 [Worker-128: Building workspace] INFO  o.e.m.c.i.embedder.EclipseLogger - skip non existing resourceDirectory C:\Users\Administrator\Desktop\HaHa\SpringIOC\src\main\resources
2019-03-04 12:53:00,545 [Worker-128: Building workspace] INFO  o.e.m.c.i.embedder.EclipseLogger - Using 'UTF-8' encoding to copy filtered resources.
2019-03-04 12:53:00,546 [Worker-128: Building workspace] INFO  o.e.m.c.i.embedder.EclipseLogger - skip non existing resourceDirectory C:\Users\Administrator\Desktop\HaHa\SpringIOC\src\test\resources
2019-03-04 12:54:07,034 [Worker-128: Building workspace] INFO  o.e.m.c.i.embedder.EclipseLogger - Using 'UTF-8' encoding to copy filtered resources.
2019-03-04 12:54:07,034 [Worker-128: Building workspace] INFO  o.e.m.c.i.embedder.EclipseLogger - skip non existing resourceDirectory C:\Users\Administrator\Desktop\HaHa\SpringIOC\src\main\resources
2019-03-04 12:54:07,036 [Worker-128: Building workspace] INFO  o.e.m.c.i.embedder.EclipseLogger - Using 'UTF-8' encoding to copy filtered resources.
2019-03-04 12:54:07,037 [Worker-128: Building workspace] INFO  o.e.m.c.i.embedder.EclipseLogger - skip non existing resourceDirectory C:\Users\Administrator\Desktop\HaHa\SpringIOC\src\test\resources
2019-03-04 12:54:14,751 [Worker-129: Building workspace] INFO  o.e.m.c.i.embedder.EclipseLogger - Using 'UTF-8' encoding to copy filtered resources.
2019-03-04 12:54:14,752 [Worker-129: Building workspace] INFO  o.e.m.c.i.embedder.EclipseLogger - skip non existing resourceDirectory C:\Users\Administrator\Desktop\HaHa\SpringIOC\src\main\resources
2019-03-04 12:54:14,756 [Worker-129: Building workspace] INFO  o.e.m.c.i.embedder.EclipseLogger - Using 'UTF-8' encoding to copy filtered resources.
2019-03-04 12:54:14,757 [Worker-129: Building workspace] INFO  o.e.m.c.i.embedder.EclipseLogger - skip non existing resourceDirectory C:\Users\Administrator\Desktop\HaHa\SpringIOC\src\test\resources
2019-03-04 12:54:45,707 [Worker-128: Building workspace] INFO  o.e.m.c.i.embedder.EclipseLogger - Using 'UTF-8' encoding to copy filtered resources.
2019-03-04 12:54:45,707 [Worker-128: Building workspace] INFO  o.e.m.c.i.embedder.EclipseLogger - skip non existing resourceDirectory C:\Users\Administrator\Desktop\HaHa\SpringIOC\src\main\resources
2019-03-04 12:54:45,708 [Worker-128: Building workspace] INFO  o.e.m.c.i.embedder.EclipseLogger - Using 'UTF-8' encoding to copy filtered resources.
2019-03-04 12:54:45,709 [Worker-128: Building workspace] INFO  o.e.m.c.i.embedder.EclipseLogger - skip non existing resourceDirectory C:\Users\Administrator\Desktop\HaHa\SpringIOC\src\test\resources
2019-03-04 12:55:02,508 [Worker-128: Building workspace] INFO  o.e.m.c.i.embedder.EclipseLogger - Using 'UTF-8' encoding to copy filtered resources.
2019-03-04 12:55:02,509 [Worker-128: Building workspace] INFO  o.e.m.c.i.embedder.EclipseLogger - skip non existing resourceDirectory C:\Users\Administrator\Desktop\HaHa\SpringIOC\src\main\resources
2019-03-04 12:55:02,511 [Worker-128: Building workspace] INFO  o.e.m.c.i.embedder.EclipseLogger - Using 'UTF-8' encoding to copy filtered resources.
2019-03-04 12:55:02,512 [Worker-128: Building workspace] INFO  o.e.m.c.i.embedder.EclipseLogger - skip non existing resourceDirectory C:\Users\Administrator\Desktop\HaHa\SpringIOC\src\test\resources
2019-03-04 12:55:06,647 [Worker-133: Building workspace] INFO  o.e.m.c.i.embedder.EclipseLogger - Using 'UTF-8' encoding to copy filtered resources.
2019-03-04 12:55:06,647 [Worker-133: Building workspace] INFO  o.e.m.c.i.embedder.EclipseLogger - skip non existing resourceDirectory C:\Users\Administrator\Desktop\HaHa\SpringIOC\src\main\resources
2019-03-04 12:55:06,648 [Worker-133: Building workspace] INFO  o.e.m.c.i.embedder.EclipseLogger - Using 'UTF-8' encoding to copy filtered resources.
2019-03-04 12:55:06,649 [Worker-133: Building workspace] INFO  o.e.m.c.i.embedder.EclipseLogger - skip non existing resourceDirectory C:\Users\Administrator\Desktop\HaHa\SpringIOC\src\test\resources
2019-03-04 12:55:14,537 [Worker-131: Building workspace] INFO  o.e.m.c.i.embedder.EclipseLogger - Using 'UTF-8' encoding to copy filtered resources.
2019-03-04 12:55:14,537 [Worker-131: Building workspace] INFO  o.e.m.c.i.embedder.EclipseLogger - skip non existing resourceDirectory C:\Users\Administrator\Desktop\HaHa\SpringIOC\src\main\resources
2019-03-04 12:55:14,540 [Worker-131: Building workspace] INFO  o.e.m.c.i.embedder.EclipseLogger - Using 'UTF-8' encoding to copy filtered resources.
2019-03-04 12:55:14,540 [Worker-131: Building workspace] INFO  o.e.m.c.i.embedder.EclipseLogger - skip non existing resourceDirectory C:\Users\Administrator\Desktop\HaHa\SpringIOC\src\test\resources
2019-03-04 12:55:15,750 [Worker-130: Building workspace] INFO  o.e.m.c.i.embedder.EclipseLogger - Using 'UTF-8' encoding to copy filtered resources.
2019-03-04 12:55:15,751 [Worker-130: Building workspace] INFO  o.e.m.c.i.embedder.EclipseLogger - skip non existing resourceDirectory C:\Users\Administrator\Desktop\HaHa\SpringIOC\src\main\resources
2019-03-04 12:55:15,753 [Worker-130: Building workspace] INFO  o.e.m.c.i.embedder.EclipseLogger - Using 'UTF-8' encoding to copy filtered resources.
2019-03-04 12:55:15,753 [Worker-130: Building workspace] INFO  o.e.m.c.i.embedder.EclipseLogger - skip non existing resourceDirectory C:\Users\Administrator\Desktop\HaHa\SpringIOC\src\test\resources
2019-03-04 12:55:25,499 [Worker-127: Building workspace] INFO  o.e.m.c.i.embedder.EclipseLogger - Using 'UTF-8' encoding to copy filtered resources.
2019-03-04 12:55:25,499 [Worker-127: Building workspace] INFO  o.e.m.c.i.embedder.EclipseLogger - skip non existing resourceDirectory C:\Users\Administrator\Desktop\HaHa\SpringIOC\src\main\resources
2019-03-04 12:55:25,500 [Worker-127: Building workspace] INFO  o.e.m.c.i.embedder.EclipseLogger - Using 'UTF-8' encoding to copy filtered resources.
2019-03-04 12:55:25,501 [Worker-127: Building workspace] INFO  o.e.m.c.i.embedder.EclipseLogger - skip non existing resourceDirectory C:\Users\Administrator\Desktop\HaHa\SpringIOC\src\test\resources
2019-03-04 12:55:27,461 [Worker-130: Building workspace] INFO  o.e.m.c.i.embedder.EclipseLogger - Using 'UTF-8' encoding to copy filtered resources.
2019-03-04 12:55:27,462 [Worker-130: Building workspace] INFO  o.e.m.c.i.embedder.EclipseLogger - skip non existing resourceDirectory C:\Users\Administrator\Desktop\HaHa\SpringIOC\src\main\resources
2019-03-04 12:55:27,463 [Worker-130: Building workspace] INFO  o.e.m.c.i.embedder.EclipseLogger - Using 'UTF-8' encoding to copy filtered resources.
2019-03-04 12:55:27,464 [Worker-130: Building workspace] INFO  o.e.m.c.i.embedder.EclipseLogger - skip non existing resourceDirectory C:\Users\Administrator\Desktop\HaHa\SpringIOC\src\test\resources
2019-03-04 12:55:32,404 [Worker-127: Building workspace] INFO  o.e.m.c.i.embedder.EclipseLogger - Using 'UTF-8' encoding to copy filtered resources.
2019-03-04 12:55:32,404 [Worker-127: Building workspace] INFO  o.e.m.c.i.embedder.EclipseLogger - skip non existing resourceDirectory C:\Users\Administrator\Desktop\HaHa\SpringIOC\src\main\resources
2019-03-04 12:55:32,405 [Worker-127: Building workspace] INFO  o.e.m.c.i.embedder.EclipseLogger - Using 'UTF-8' encoding to copy filtered resources.
2019-03-04 12:55:32,406 [Worker-127: Building workspace] INFO  o.e.m.c.i.embedder.EclipseLogger - skip non existing resourceDirectory C:\Users\Administrator\Desktop\HaHa\SpringIOC\src\test\resources
2019-03-04 12:55:41,069 [Worker-131: Building workspace] INFO  o.e.m.c.i.embedder.EclipseLogger - Using 'UTF-8' encoding to copy filtered resources.
2019-03-04 12:55:41,070 [Worker-131: Building workspace] INFO  o.e.m.c.i.embedder.EclipseLogger - skip non existing resourceDirectory C:\Users\Administrator\Desktop\HaHa\SpringIOC\src\main\resources
2019-03-04 12:55:41,073 [Worker-131: Building workspace] INFO  o.e.m.c.i.embedder.EclipseLogger - Using 'UTF-8' encoding to copy filtered resources.
2019-03-04 12:55:41,073 [Worker-131: Building workspace] INFO  o.e.m.c.i.embedder.EclipseLogger - skip non existing resourceDirectory C:\Users\Administrator\Desktop\HaHa\SpringIOC\src\test\resources
2019-03-04 12:56:00,493 [Worker-134: Building workspace] INFO  o.e.m.c.i.embedder.EclipseLogger - Using 'UTF-8' encoding to copy filtered resources.
2019-03-04 12:56:00,494 [Worker-134: Building workspace] INFO  o.e.m.c.i.embedder.EclipseLogger - skip non existing resourceDirectory C:\Users\Administrator\Desktop\HaHa\SpringIOC\src\main\resources
2019-03-04 12:56:00,497 [Worker-134: Building workspace] INFO  o.e.m.c.i.embedder.EclipseLogger - Using 'UTF-8' encoding to copy filtered resources.
2019-03-04 12:56:00,498 [Worker-134: Building workspace] INFO  o.e.m.c.i.embedder.EclipseLogger - skip non existing resourceDirectory C:\Users\Administrator\Desktop\HaHa\SpringIOC\src\test\resources
2019-03-04 12:56:05,995 [Worker-129: Building workspace] INFO  o.e.m.c.i.embedder.EclipseLogger - Using 'UTF-8' encoding to copy filtered resources.
2019-03-04 12:56:05,995 [Worker-129: Building workspace] INFO  o.e.m.c.i.embedder.EclipseLogger - skip non existing resourceDirectory C:\Users\Administrator\Desktop\HaHa\SpringIOC\src\main\resources
2019-03-04 12:56:05,998 [Worker-129: Building workspace] INFO  o.e.m.c.i.embedder.EclipseLogger - Using 'UTF-8' encoding to copy filtered resources.
2019-03-04 12:56:05,998 [Worker-129: Building workspace] INFO  o.e.m.c.i.embedder.EclipseLogger - skip non existing resourceDirectory C:\Users\Administrator\Desktop\HaHa\SpringIOC\src\test\resources
2019-03-04 12:56:09,382 [Worker-128: Building workspace] INFO  o.e.m.c.i.embedder.EclipseLogger - Using 'UTF-8' encoding to copy filtered resources.
2019-03-04 12:56:09,383 [Worker-128: Building workspace] INFO  o.e.m.c.i.embedder.EclipseLogger - skip non existing resourceDirectory C:\Users\Administrator\Desktop\HaHa\SpringIOC\src\main\resources
2019-03-04 12:56:09,384 [Worker-128: Building workspace] INFO  o.e.m.c.i.embedder.EclipseLogger - Using 'UTF-8' encoding to copy filtered resources.
2019-03-04 12:56:09,385 [Worker-128: Building workspace] INFO  o.e.m.c.i.embedder.EclipseLogger - skip non existing resourceDirectory C:\Users\Administrator\Desktop\HaHa\SpringIOC\src\test\resources
2019-03-04 12:56:14,378 [Worker-129: Building workspace] INFO  o.e.m.c.i.embedder.EclipseLogger - Using 'UTF-8' encoding to copy filtered resources.
2019-03-04 12:56:14,385 [Worker-129: Building workspace] INFO  o.e.m.c.i.embedder.EclipseLogger - skip non existing resourceDirectory C:\Users\Administrator\Desktop\HaHa\SpringIOC\src\main\resources
2019-03-04 12:56:14,387 [Worker-129: Building workspace] INFO  o.e.m.c.i.embedder.EclipseLogger - Using 'UTF-8' encoding to copy filtered resources.
2019-03-04 12:56:14,387 [Worker-129: Building workspace] INFO  o.e.m.c.i.embedder.EclipseLogger - skip non existing resourceDirectory C:\Users\Administrator\Desktop\HaHa\SpringIOC\src\test\resources
2019-03-04 12:56:15,500 [Worker-128: Building workspace] INFO  o.e.m.c.i.embedder.EclipseLogger - Using 'UTF-8' encoding to copy filtered resources.
2019-03-04 12:56:15,500 [Worker-128: Building workspace] INFO  o.e.m.c.i.embedder.EclipseLogger - skip non existing resourceDirectory C:\Users\Administrator\Desktop\HaHa\SpringIOC\src\main\resources
2019-03-04 12:56:15,502 [Worker-128: Building workspace] INFO  o.e.m.c.i.embedder.EclipseLogger - Using 'UTF-8' encoding to copy filtered resources.
2019-03-04 12:56:15,502 [Worker-128: Building workspace] INFO  o.e.m.c.i.embedder.EclipseLogger - skip non existing resourceDirectory C:\Users\Administrator\Desktop\HaHa\SpringIOC\src\test\resources
2019-03-04 12:57:05,300 [Worker-128: Building workspace] INFO  o.e.m.c.i.embedder.EclipseLogger - Using 'UTF-8' encoding to copy filtered resources.
2019-03-04 12:57:05,300 [Worker-128: Building workspace] INFO  o.e.m.c.i.embedder.EclipseLogger - skip non existing resourceDirectory C:\Users\Administrator\Desktop\HaHa\SpringIOC\src\main\resources
2019-03-04 12:57:05,302 [Worker-128: Building workspace] INFO  o.e.m.c.i.embedder.EclipseLogger - Using 'UTF-8' encoding to copy filtered resources.
2019-03-04 12:57:05,302 [Worker-128: Building workspace] INFO  o.e.m.c.i.embedder.EclipseLogger - skip non existing resourceDirectory C:\Users\Administrator\Desktop\HaHa\SpringIOC\src\test\resources
2019-03-04 13:01:16,486 [Worker-135: Building workspace] INFO  o.e.m.c.i.embedder.EclipseLogger - Using 'UTF-8' encoding to copy filtered resources.
2019-03-04 13:01:16,486 [Worker-135: Building workspace] INFO  o.e.m.c.i.embedder.EclipseLogger - skip non existing resourceDirectory C:\Users\Administrator\Desktop\HaHa\SpringIOC\src\main\resources
2019-03-04 13:01:16,487 [Worker-135: Building workspace] INFO  o.e.m.c.i.embedder.EclipseLogger - Using 'UTF-8' encoding to copy filtered resources.
2019-03-04 13:01:16,488 [Worker-135: Building workspace] INFO  o.e.m.c.i.embedder.EclipseLogger - skip non existing resourceDirectory C:\Users\Administrator\Desktop\HaHa\SpringIOC\src\test\resources
2019-03-10 16:45:27,896 [Worker-5: Loading available Gradle versions] INFO  c.g.t.t.d.PublishedGradleVersions - Gradle version information cache is out-of-date. Trying to update.
2019-03-12 18:55:31,586 [Worker-0: Loading available Gradle versions] INFO  c.g.t.t.d.PublishedGradleVersions - Gradle version information cache is out-of-date. Trying to update.
2019-03-14 21:40:52,041 [Worker-1: Loading available Gradle versions] INFO  c.g.t.t.d.PublishedGradleVersions - Gradle version information cache is out-of-date. Trying to update.
2019-03-14 21:41:04,692 [Worker-1: Loading available Gradle versions] INFO  c.g.t.t.d.PublishedGradleVersions - Updating Gradle version information cache failed. Using outdated cache.
2019-03-16 09:43:46,199 [Worker-2: Loading available Gradle versions] INFO  c.g.t.t.d.PublishedGradleVersions - Gradle version information cache is up-to-date. Trying to read.
2019-03-23 10:52:31,811 [Worker-2: Loading available Gradle versions] INFO  c.g.t.t.d.PublishedGradleVersions - Gradle version information cache is out-of-date. Trying to update.
2019-03-26 18:53:53,839 [Worker-2: Loading available Gradle versions] INFO  c.g.t.t.d.PublishedGradleVersions - Gradle version information cache is out-of-date. Trying to update.
2019-03-29 19:59:00,850 [Worker-0: Loading available Gradle versions] INFO  c.g.t.t.d.PublishedGradleVersions - Gradle version information cache is out-of-date. Trying to update.
2019-03-31 14:52:00,850 [Worker-2: Loading available Gradle versions] INFO  c.g.t.t.d.PublishedGradleVersions - Gradle version information cache is out-of-date. Trying to update.
2019-04-02 08:54:46,558 [Worker-7: Loading available Gradle versions] INFO  c.g.t.t.d.PublishedGradleVersions - Gradle version information cache is up-to-date. Trying to read.
2019-04-09 17:12:02,588 [Worker-6: Loading available Gradle versions] INFO  c.g.t.t.d.PublishedGradleVersions - Gradle version information cache is out-of-date. Trying to update.
